
Gurobi 8.1.1 (win64, Python) logging started 08/01/19 13:19:48

Academic license - for non-commercial use only
Optimize a model with 701 rows, 708 columns and 11204 nonzeros
Coefficient statistics:
  Matrix range     [2e-02, 9e+00]
  Objective range  [1e+00, 1e+00]
  Bounds range     [0e+00, 0e+00]
  RHS range        [1e+00, 1e+00]
Presolve removed 19 rows and 331 columns
Presolve time: 0.02s
Presolved: 682 rows, 377 columns, 10860 nonzeros

Iteration    Objective       Primal Inf.    Dual Inf.      Time
       0      handle free variables                          0s
     173    0.0000000e+00   0.000000e+00   0.000000e+00      0s

Solved in 173 iterations and 0.04 seconds
Optimal objective  0.000000000e+00
Optimize a model with 701 rows, 723 columns and 18287 nonzeros
Coefficient statistics:
  Matrix range     [4e-03, 7e+00]
  Objective range  [1e+00, 1e+00]
  Bounds range     [0e+00, 0e+00]
  RHS range        [1e+00, 1e+00]
Presolve removed 19 rows and 331 columns
Presolve time: 0.01s
Presolved: 682 rows, 392 columns, 17943 nonzeros

Iteration    Objective       Primal Inf.    Dual Inf.      Time
       0      handle free variables                          0s
     357    0.0000000e+00   0.000000e+00   0.000000e+00      0s

Solved in 357 iterations and 0.05 seconds
Optimal objective  0.000000000e+00
Optimize a model with 99 rows, 121 columns and 1997 nonzeros
Coefficient statistics:
  Matrix range     [6e-02, 3e+00]
  Objective range  [1e+00, 1e+00]
  Bounds range     [0e+00, 0e+00]
  RHS range        [1e+00, 1e+00]
Presolve removed 20 rows and 43 columns
Presolve time: 0.00s
Presolved: 79 rows, 78 columns, 1940 nonzeros

Iteration    Objective       Primal Inf.    Dual Inf.      Time
       0      handle free variables                          0s
       7    0.0000000e+00   0.000000e+00   0.000000e+00      0s

Solved in 7 iterations and 0.01 seconds
Optimal objective  0.000000000e+00
Optimize a model with 99 rows, 121 columns and 1997 nonzeros
Coefficient statistics:
  Matrix range     [6e-02, 3e+00]
  Objective range  [1e+00, 1e+00]
  Bounds range     [0e+00, 0e+00]
  RHS range        [1e+00, 1e+00]
Presolve removed 20 rows and 44 columns
Presolve time: 0.00s
Presolved: 79 rows, 77 columns, 1939 nonzeros

Iteration    Objective       Primal Inf.    Dual Inf.      Time
       0      handle free variables                          0s
       7    0.0000000e+00   0.000000e+00   0.000000e+00      0s

Solved in 7 iterations and 0.01 seconds
Optimal objective  0.000000000e+00
Optimize a model with 135 rows, 157 columns and 1689 nonzeros
Coefficient statistics:
  Matrix range     [6e-02, 3e+00]
  Objective range  [1e+00, 1e+00]
  Bounds range     [0e+00, 0e+00]
  RHS range        [5e-01, 1e+00]
Presolve removed 20 rows and 62 columns
Presolve time: 0.01s
Presolved: 115 rows, 95 columns, 1613 nonzeros

Iteration    Objective       Primal Inf.    Dual Inf.      Time
       0      handle free variables                          0s
      52    4.4444444e-01   0.000000e+00   0.000000e+00      0s

Solved in 52 iterations and 0.02 seconds
Optimal objective  4.444444444e-01
Optimize a model with 135 rows, 157 columns and 1689 nonzeros
Coefficient statistics:
  Matrix range     [6e-02, 3e+00]
  Objective range  [1e+00, 1e+00]
  Bounds range     [0e+00, 0e+00]
  RHS range        [5e-01, 1e+00]
Presolve removed 20 rows and 62 columns
Presolve time: 0.00s
Presolved: 115 rows, 95 columns, 1613 nonzeros

Iteration    Objective       Primal Inf.    Dual Inf.      Time
       0      handle free variables                          0s
      52    4.4444444e-01   0.000000e+00   0.000000e+00      0s

Solved in 52 iterations and 0.01 seconds
Optimal objective  4.444444444e-01
Optimize a model with 135 rows, 157 columns and 1689 nonzeros
Coefficient statistics:
  Matrix range     [6e-02, 3e+00]
  Objective range  [1e+00, 1e+00]
  Bounds range     [0e+00, 0e+00]
  RHS range        [5e-01, 1e+00]
Presolve removed 20 rows and 62 columns
Presolve time: 0.00s
Presolved: 115 rows, 95 columns, 1613 nonzeros

Iteration    Objective       Primal Inf.    Dual Inf.      Time
       0      handle free variables                          0s
      52    4.4444444e-01   0.000000e+00   0.000000e+00      0s

Solved in 52 iterations and 0.01 seconds
Optimal objective  4.444444444e-01
Optimize a model with 135 rows, 157 columns and 1689 nonzeros
Coefficient statistics:
  Matrix range     [6e-02, 3e+00]
  Objective range  [1e+00, 1e+00]
  Bounds range     [0e+00, 0e+00]
  RHS range        [5e-01, 1e+00]
Presolve removed 20 rows and 62 columns
Presolve time: 0.00s
Presolved: 115 rows, 95 columns, 1613 nonzeros

Iteration    Objective       Primal Inf.    Dual Inf.      Time
       0      handle free variables                          0s
      52    4.4444444e-01   0.000000e+00   0.000000e+00      0s

Solved in 52 iterations and 0.01 seconds
Optimal objective  4.444444444e-01
Optimize a model with 135 rows, 157 columns and 1689 nonzeros
Coefficient statistics:
  Matrix range     [6e-02, 3e+00]
  Objective range  [1e+00, 1e+00]
  Bounds range     [0e+00, 0e+00]
  RHS range        [5e-01, 1e+00]
Presolve removed 20 rows and 62 columns
Presolve time: 0.00s
Presolved: 115 rows, 95 columns, 1613 nonzeros

Iteration    Objective       Primal Inf.    Dual Inf.      Time
       0      handle free variables                          0s
      52    4.4444444e-01   0.000000e+00   0.000000e+00      0s

Solved in 52 iterations and 0.01 seconds
Optimal objective  4.444444444e-01
Optimize a model with 135 rows, 157 columns and 1689 nonzeros
Coefficient statistics:
  Matrix range     [6e-02, 3e+00]
  Objective range  [1e+00, 1e+00]
  Bounds range     [0e+00, 0e+00]
  RHS range        [5e-01, 1e+00]
Presolve removed 20 rows and 62 columns
Presolve time: 0.00s
Presolved: 115 rows, 95 columns, 1613 nonzeros

Iteration    Objective       Primal Inf.    Dual Inf.      Time
       0      handle free variables                          0s
      52    4.4444444e-01   0.000000e+00   0.000000e+00      0s

Solved in 52 iterations and 0.01 seconds
Optimal objective  4.444444444e-01
Optimize a model with 135 rows, 157 columns and 1689 nonzeros
Coefficient statistics:
  Matrix range     [6e-02, 3e+00]
  Objective range  [1e+00, 1e+00]
  Bounds range     [0e+00, 0e+00]
  RHS range        [5e-01, 1e+00]
Presolve removed 20 rows and 62 columns
Presolve time: 0.00s
Presolved: 115 rows, 95 columns, 1613 nonzeros

Iteration    Objective       Primal Inf.    Dual Inf.      Time
       0      handle free variables                          0s
      52    4.4444444e-01   0.000000e+00   0.000000e+00      0s

Solved in 52 iterations and 0.01 seconds
Optimal objective  4.444444444e-01
Optimize a model with 135 rows, 157 columns and 1689 nonzeros
Coefficient statistics:
  Matrix range     [6e-02, 3e+00]
  Objective range  [1e+00, 1e+00]
  Bounds range     [0e+00, 0e+00]
  RHS range        [5e-01, 1e+00]
Presolve removed 20 rows and 62 columns
Presolve time: 0.00s
Presolved: 115 rows, 95 columns, 1613 nonzeros

Iteration    Objective       Primal Inf.    Dual Inf.      Time
       0      handle free variables                          0s
      52    4.4444444e-01   0.000000e+00   0.000000e+00      0s

Solved in 52 iterations and 0.01 seconds
Optimal objective  4.444444444e-01
Optimize a model with 135 rows, 157 columns and 1689 nonzeros
Coefficient statistics:
  Matrix range     [6e-02, 3e+00]
  Objective range  [1e+00, 1e+00]
  Bounds range     [0e+00, 0e+00]
  RHS range        [5e-01, 1e+00]
Presolve removed 20 rows and 62 columns
Presolve time: 0.00s
Presolved: 115 rows, 95 columns, 1613 nonzeros

Iteration    Objective       Primal Inf.    Dual Inf.      Time
       0      handle free variables                          0s
      52    4.4444444e-01   0.000000e+00   0.000000e+00      0s

Solved in 52 iterations and 0.01 seconds
Optimal objective  4.444444444e-01
Warning for adding constraints: zero or small (< 1e-13) coefficients, ignored
Optimize a model with 12177 rows, 12248 columns and 768522 nonzeros
Coefficient statistics:
  Matrix range     [2e-08, 2e+01]
  Objective range  [1e+00, 1e+00]
  Bounds range     [0e+00, 0e+00]
  RHS range        [5e-01, 1e+00]

Concurrent LP optimizer: dual simplex and barrier
Showing barrier log only...

Presolve removed 20 rows and 9512 columns
Presolve time: 0.29s
Presolved: 12157 rows, 2736 columns, 752138 nonzeros

Ordering time: 0.00s

Barrier statistics:
 Dense cols : 50
 Free vars  : 48
 AA' NZ     : 2.392e+05
 Factor NZ  : 2.891e+05 (roughly 6 MBytes of memory)
 Factor Ops : 1.500e+07 (less than 1 second per iteration)
 Threads    : 3

                  Objective                Residual
Iter       Primal          Dual         Primal    Dual     Compl     Time
   0   1.44735260e+00 -2.21041145e+00  1.30e+00 3.47e-16  1.21e-01     1s
   1   6.61237522e+00 -4.10201630e+00  3.88e-01 5.14e-02  1.05e-02     1s
   2   5.73569178e+00 -3.13600845e-01  8.33e-11 2.42e-02  4.40e-03     1s
   3   3.35686617e+00 -4.84028667e-01  4.05e-11 2.62e-06  9.50e-04     1s
   4   5.92303598e-01 -7.56494911e-02  1.53e-11 1.81e-07  1.65e-04     1s
   5   4.91029386e-01  1.86554809e-01  5.35e-12 5.22e-08  7.53e-05     1s
   6   4.57687415e-01  3.16448939e-01  2.08e-12 1.84e-08  3.49e-05     1s
   7   4.36772767e-01  3.43346847e-01  9.88e-13 1.32e-08  2.31e-05     1s
   8   4.31166859e-01  3.70342638e-01  6.67e-13 8.34e-09  1.50e-05     1s
   9   4.27089166e-01  3.84527750e-01  4.28e-13 5.99e-09  1.05e-05     1s
  10   4.24600050e-01  3.90334681e-01  3.13e-13 5.03e-09  8.48e-06     1s
  11   4.21340625e-01  4.04628213e-01  1.92e-13 2.54e-09  4.13e-06     1s
  12   4.20301150e-01  4.11872906e-01  1.45e-13 1.19e-09  2.09e-06     1s
  13   4.18884188e-01  4.13399837e-01  8.30e-14 8.94e-10  1.36e-06     1s
  14   4.18558385e-01  4.16537588e-01  7.37e-14 3.11e-10  5.00e-07     1s
  15   4.18060286e-01  4.17093831e-01  5.18e-14 1.89e-10  2.39e-07     1s
  16   4.17902172e-01  4.17754043e-01  4.38e-14 7.68e-10  3.66e-08     1s
  17   4.17892505e-01  4.17888418e-01  3.59e-13 4.14e-09  1.02e-09     1s
  18   4.17891360e-01  4.17891348e-01  2.44e-15 7.88e-10  3.55e-12     1s
  19   4.17891356e-01  4.17891402e-01  2.78e-15 1.70e-08  3.87e-14     1s
  20   4.17891356e-01  4.17891344e-01  9.28e-14 1.52e-08  1.40e-16     1s

Barrier solved model in 20 iterations and 0.94 seconds
Optimal objective 4.17891356e-01

Crossover log...

       0 DPushes remaining with DInf 2.9201393e-01                 2s

      29 PPushes remaining with PInf 0.0000000e+00                 2s
       0 PPushes remaining with PInf 0.0000000e+00                 2s

  Push phase complete: Pinf 0.0000000e+00, Dinf 6.4345588e-03      2s

Iteration    Objective       Primal Inf.    Dual Inf.      Time
     222    4.1789136e-01   0.000000e+00   6.434559e-03      2s
     244    4.1789136e-01   0.000000e+00   0.000000e+00      2s

Solved with barrier
Solved in 244 iterations and 1.91 seconds
Optimal objective  4.178913561e-01
Warning for adding constraints: zero or small (< 1e-13) coefficients, ignored
Optimize a model with 12177 rows, 12248 columns and 768522 nonzeros
Coefficient statistics:
  Matrix range     [2e-08, 2e+01]
  Objective range  [1e+00, 1e+00]
  Bounds range     [0e+00, 0e+00]
  RHS range        [1e+00, 1e+00]

Concurrent LP optimizer: dual simplex and barrier
Showing barrier log only...

Presolve removed 20 rows and 9512 columns
Presolve time: 0.24s
Presolved: 12157 rows, 2736 columns, 752138 nonzeros

Ordering time: 0.00s

Barrier statistics:
 Dense cols : 50
 Free vars  : 48
 AA' NZ     : 2.392e+05
 Factor NZ  : 2.891e+05 (roughly 6 MBytes of memory)
 Factor Ops : 1.500e+07 (less than 1 second per iteration)
 Threads    : 3

                  Objective                Residual
Iter       Primal          Dual         Primal    Dual     Compl     Time
   0   1.07307193e+00 -2.20732357e+00  8.61e-01 5.81e-17  8.28e-02     1s
   1   5.95486892e+00 -2.38726267e+00  1.58e-02 3.57e-02  6.56e-03     1s
   2   4.77278042e+00 -1.09730857e+00  6.53e-05 1.84e-02  3.45e-03     1s
   3   2.70048669e+00 -3.06230969e+00  4.30e-07 7.34e-04  1.47e-03     1s
   4   4.97738248e-01 -4.55917659e-02  2.09e-12 1.10e-06  1.35e-04     1s
   5   1.86224428e-03 -1.07064763e-03  7.19e-13 1.50e-07  7.26e-07     1s

Barrier performed 5 iterations in 0.66 seconds
Barrier solve interrupted - model solved by another algorithm


Solved with dual simplex
Solved in 134 iterations and 0.67 seconds
Optimal objective  0.000000000e+00
Warning for adding constraints: zero or small (< 1e-13) coefficients, ignored
Optimize a model with 12177 rows, 12248 columns and 768522 nonzeros
Coefficient statistics:
  Matrix range     [2e-08, 2e+01]
  Objective range  [1e+00, 1e+00]
  Bounds range     [0e+00, 0e+00]
  RHS range        [5e-02, 1e+00]

Concurrent LP optimizer: dual simplex and barrier
Showing barrier log only...

Presolve removed 20 rows and 9512 columns
Presolve time: 0.23s
Presolved: 12157 rows, 2736 columns, 752138 nonzeros

Ordering time: 0.00s

Barrier statistics:
 Dense cols : 50
 Free vars  : 48
 AA' NZ     : 2.392e+05
 Factor NZ  : 2.891e+05 (roughly 6 MBytes of memory)
 Factor Ops : 1.500e+07 (less than 1 second per iteration)
 Threads    : 3

                  Objective                Residual
Iter       Primal          Dual         Primal    Dual     Compl     Time
   0   1.33744488e+00 -2.20970332e+00  1.17e+00 3.56e-16  1.11e-01     1s
   1   6.42244418e+00 -3.50854555e+00  2.78e-01 4.37e-02  8.70e-03     1s
   2   5.54790355e+00 -1.46240154e-01  2.46e-03 1.76e-02  3.53e-03     1s
   3   3.86213242e+00 -1.86770651e+01  9.51e-12 1.73e-06  5.58e-03     1s
   4   1.65885285e+00 -3.48269343e-01  6.89e-13 3.85e-08  4.97e-04     1s
   5   1.22708513e-01 -4.96717666e-02  6.34e-13 5.91e-09  4.26e-05     1s
   6   6.90929189e-02 -2.04801146e-03  3.40e-13 1.66e-09  1.76e-05     1s
   7   5.46883104e-02  1.39894945e-02  1.56e-13 7.79e-10  1.01e-05     1s
   8   5.33459243e-02  2.89160113e-02  1.23e-13 3.63e-10  6.04e-06     1s
   9   5.05931032e-02  3.52545679e-02  1.60e-13 8.62e-10  3.79e-06     1s
  10   4.91488369e-02  4.04100222e-02  8.79e-14 7.52e-10  2.16e-06     1s
  11   4.82451368e-02  4.25981123e-02  1.00e-13 8.74e-10  1.40e-06     1s
  12   4.75172521e-02  4.43175410e-02  6.40e-14 7.94e-10  7.92e-07     1s
  13   4.70759468e-02  4.53467538e-02  1.73e-14 5.18e-10  4.28e-07     1s
  14   4.68710791e-02  4.64343207e-02  2.18e-14 1.03e-10  1.08e-07     1s
  15   4.68448738e-02  4.66858023e-02  5.10e-15 7.04e-11  3.94e-08     1s
  16   4.68357658e-02  4.67974841e-02  4.97e-15 6.87e-11  9.47e-09     1s
  17   4.68337661e-02  4.68319288e-02  9.43e-15 2.43e-09  4.53e-10     1s
  18   4.68328115e-02  4.68328085e-02  2.64e-14 1.72e-09  1.18e-12     1s
  19   4.68328099e-02  4.68328100e-02  8.85e-14 7.01e-10  1.18e-15     1s

Barrier solved model in 19 iterations and 0.84 seconds
Optimal objective 4.68328099e-02

Crossover log...

       0 DPushes remaining with DInf 4.1878084e-01                 2s

       0 PPushes remaining with PInf 0.0000000e+00                 2s

  Push phase complete: Pinf 0.0000000e+00, Dinf 8.9071290e-13      2s

Iteration    Objective       Primal Inf.    Dual Inf.      Time
     190    4.6832810e-02   0.000000e+00   0.000000e+00      2s

Solved with barrier
Solved in 190 iterations and 1.74 seconds
Optimal objective  4.683280992e-02
Optimize a model with 12177 rows, 12248 columns and 770688 nonzeros
Coefficient statistics:
  Matrix range     [2e-08, 2e+02]
  Objective range  [1e+00, 1e+00]
  Bounds range     [0e+00, 0e+00]
  RHS range        [5e-02, 1e+00]

Concurrent LP optimizer: dual simplex and barrier
Showing barrier log only...

Presolve removed 20 rows and 9512 columns
Presolve time: 0.26s
Presolved: 12157 rows, 2736 columns, 754304 nonzeros

Ordering time: 0.00s

Barrier statistics:
 Dense cols : 50
 Free vars  : 48
 AA' NZ     : 2.399e+05
 Factor NZ  : 2.901e+05 (roughly 6 MBytes of memory)
 Factor Ops : 1.507e+07 (less than 1 second per iteration)
 Threads    : 3

                  Objective                Residual
Iter       Primal          Dual         Primal    Dual     Compl     Time
   0   1.33738998e+00 -2.20970293e+00  1.17e+00 1.40e-17  1.11e-01     1s
   1   6.42191268e+00 -3.50975900e+00  2.78e-01 4.33e-02  8.61e-03     1s
   2   5.53015081e+00 -1.35784297e-01  2.19e-03 1.82e-02  3.56e-03     1s
   3   3.87197185e+00 -4.89092265e+00  2.66e-05 2.42e-04  2.20e-03     1s
   4   1.41774226e+00 -8.70700967e-02  6.54e-07 9.76e-06  3.74e-04     1s
   5   4.63402030e-01 -2.59458089e-01  2.34e-07 1.71e-05  1.79e-04     1s
   6   1.55832102e-01 -7.22213527e-02  6.78e-08 8.66e-06  5.64e-05     1s
   7   6.56123955e-02  1.09261829e-02  1.99e-08 7.86e-07  1.35e-05     1s
   8   5.55342750e-02  1.54628780e-02  1.49e-08 5.47e-07  9.91e-06     1s
   9   4.65457348e-02  1.93671708e-02  9.87e-09 3.60e-07  6.72e-06     1s
  10   4.28681684e-02  2.37893381e-02  7.33e-09 5.47e-07  4.72e-06     1s
  11   4.03013422e-02  2.50810238e-02  5.14e-09 4.31e-07  3.77e-06     1s
  12   3.87501552e-02  2.61145220e-02  3.56e-09 3.45e-07  3.13e-06     1s
  13   3.78896550e-02  2.66592983e-02  3.02e-09 3.05e-07  2.78e-06     1s
  14   3.73534738e-02  2.77486767e-02  2.61e-09 2.37e-07  2.38e-06     1s
  15   3.66569261e-02  2.88907253e-02  2.04e-09 1.77e-07  1.92e-06     1s
  16   3.57357709e-02  2.95818640e-02  1.37e-09 1.49e-07  1.52e-06     1s
  17   3.57250433e-02  3.02480104e-02  9.13e-10 1.24e-07  1.36e-06     1s
  18   3.53562468e-02  3.03176359e-02  6.93e-10 1.32e-07  1.25e-06     1s
  19   3.49337237e-02  3.15760774e-02  3.03e-10 8.01e-08  8.31e-07     1s
  20   3.46650078e-02  3.23691131e-02  1.28e-10 5.51e-08  5.68e-07     1s
  21   3.45607551e-02  3.27638024e-02  4.98e-11 4.41e-08  4.45e-07     1s
  22   3.45205568e-02  3.33518472e-02  1.24e-11 2.79e-08  2.89e-07     1s
  23   3.44754801e-02  3.38192756e-02  4.70e-12 1.64e-08  1.62e-07     1s
  24   3.44518393e-02  3.39907816e-02  1.63e-12 1.21e-08  1.14e-07     1s
  25   3.44453331e-02  3.41732713e-02  2.73e-13 7.33e-09  6.73e-08     1s
  26   3.44377424e-02  3.43291282e-02  1.21e-14 3.65e-09  2.69e-08     1s
  27   3.44346063e-02  3.44227002e-02  1.37e-14 7.53e-10  2.95e-09     1s
  28   3.44337086e-02  3.44289642e-02  1.55e-13 9.13e-08  1.83e-09     1s
  29   3.44333654e-02  3.44332639e-02  1.22e-14 6.27e-09  8.38e-11     1s
  30   3.44333516e-02  3.44334110e-02  1.22e-14 3.85e-09  1.55e-12     1s
  31   3.44333469e-02  3.44333395e-02  1.40e-14 7.44e-10  5.04e-14     1s
  32   3.44333468e-02  3.44333431e-02  9.73e-14 4.27e-10  5.95e-17     1s

Barrier solved model in 32 iterations and 1.32 seconds
Optimal objective 3.44333468e-02

Crossover log...

       0 DPushes remaining with DInf 2.9414565e-01                 2s

       0 PPushes remaining with PInf 0.0000000e+00                 2s

  Push phase complete: Pinf 0.0000000e+00, Dinf 1.7400269e-13      2s

Iteration    Objective       Primal Inf.    Dual Inf.      Time
     182    3.4433347e-02   0.000000e+00   0.000000e+00      2s

Solved with barrier
Solved in 182 iterations and 2.45 seconds
Optimal objective  3.443334678e-02
Optimize a model with 12177 rows, 12248 columns and 770688 nonzeros
Coefficient statistics:
  Matrix range     [2e-08, 2e+02]
  Objective range  [1e+00, 1e+00]
  Bounds range     [0e+00, 0e+00]
  RHS range        [1e-02, 5e-01]

Concurrent LP optimizer: dual simplex and barrier
Showing barrier log only...

Presolve removed 20 rows and 9512 columns
Presolve time: 0.24s
Presolved: 12157 rows, 2736 columns, 754304 nonzeros

Ordering time: 0.00s

Barrier statistics:
 Dense cols : 50
 Free vars  : 48
 AA' NZ     : 2.399e+05
 Factor NZ  : 2.901e+05 (roughly 6 MBytes of memory)
 Factor Ops : 1.507e+07 (less than 1 second per iteration)
 Threads    : 3

                  Objective                Residual
Iter       Primal          Dual         Primal    Dual     Compl     Time
   0   1.97377110e+00 -6.68910831e-03  3.29e-01 6.94e-18  5.58e-02     1s
   1   2.61956342e+00 -5.78036349e-02  4.28e-01 1.28e-06  1.81e-03     1s
   2   1.05614815e-01 -4.92410253e-02  7.66e-03 1.45e-05  5.79e-05     1s
   3   6.10467102e-02  1.67827663e-03  2.30e-04 3.62e-06  1.49e-05     1s
   4   4.80483104e-02  6.54070017e-03  2.40e-12 3.89e-06  1.03e-05     1s
   5   3.68525734e-02  2.73567689e-02  2.49e-11 3.39e-07  2.35e-06     1s
   6   3.55177735e-02  3.18333995e-02  1.07e-11 1.09e-07  9.12e-07     1s
   7   3.49034057e-02  3.26929959e-02  4.81e-12 7.11e-08  5.47e-07     1s
   8   3.46763889e-02  3.33248966e-02  1.97e-12 4.43e-08  3.35e-07     1s
   9   3.45558245e-02  3.36737801e-02  8.60e-13 2.96e-08  2.18e-07     1s
  10   3.44877095e-02  3.40867711e-02  3.85e-13 1.32e-08  9.92e-08     1s
  11   3.44490675e-02  3.42554111e-02  4.05e-13 7.82e-09  4.79e-08     1s
  12   3.44376465e-02  3.43854161e-02  2.48e-12 4.82e-09  1.29e-08     1s
  13   3.44349394e-02  3.44090887e-02  7.61e-13 2.12e-09  6.39e-09     1s
  14   3.44339776e-02  3.44253762e-02  3.00e-13 1.98e-09  2.12e-09     1s
  15   3.44334966e-02  3.44319370e-02  6.68e-14 4.80e-10  3.84e-10     1s
  16   3.44333533e-02  3.44333377e-02  1.49e-14 7.47e-10  2.96e-12     1s
  17   3.44333468e-02  3.44333458e-02  6.63e-14 2.06e-11  3.33e-14     1s
  18   3.44333468e-02  3.44333785e-02  1.28e-14 9.54e-10  3.33e-17     1s

Barrier solved model in 18 iterations and 0.82 seconds
Optimal objective 3.44333468e-02

Crossover log...

       0 DPushes remaining with DInf 2.5999186e-01                 2s

       0 PPushes remaining with PInf 0.0000000e+00                 2s

  Push phase complete: Pinf 0.0000000e+00, Dinf 2.2516635e-12      2s

Iteration    Objective       Primal Inf.    Dual Inf.      Time
     181    3.4433347e-02   0.000000e+00   0.000000e+00      2s

Solved with barrier
Solved in 181 iterations and 1.75 seconds
Optimal objective  3.443334678e-02
Optimize a model with 12177 rows, 12248 columns and 770688 nonzeros
Coefficient statistics:
  Matrix range     [2e-08, 2e+02]
  Objective range  [1e+00, 1e+00]
  Bounds range     [0e+00, 0e+00]
  RHS range        [1e-02, 5e-01]

Concurrent LP optimizer: dual simplex and barrier
Showing barrier log only...

Presolve removed 20 rows and 9512 columns
Presolve time: 0.24s
Presolved: 12157 rows, 2736 columns, 754304 nonzeros

Ordering time: 0.00s

Barrier statistics:
 Dense cols : 50
 Free vars  : 48
 AA' NZ     : 2.399e+05
 Factor NZ  : 2.901e+05 (roughly 6 MBytes of memory)
 Factor Ops : 1.507e+07 (less than 1 second per iteration)
 Threads    : 3

                  Objective                Residual
Iter       Primal          Dual         Primal    Dual     Compl     Time
   0   1.97377110e+00 -6.68910831e-03  3.29e-01 6.94e-18  5.58e-02     1s
   1   2.61956342e+00 -5.78036349e-02  4.28e-01 1.28e-06  1.81e-03     1s
   2   1.05614815e-01 -4.92410253e-02  7.66e-03 1.45e-05  5.79e-05     1s
   3   6.10467102e-02  1.67827663e-03  2.30e-04 3.62e-06  1.49e-05     1s
   4   4.80483104e-02  6.54070017e-03  2.40e-12 3.89e-06  1.03e-05     1s
   5   3.68525734e-02  2.73567689e-02  2.49e-11 3.39e-07  2.35e-06     1s
   6   3.55177735e-02  3.18333995e-02  1.07e-11 1.09e-07  9.12e-07     1s
   7   3.49034057e-02  3.26929959e-02  4.81e-12 7.11e-08  5.47e-07     1s
   8   3.46763889e-02  3.33248966e-02  1.97e-12 4.43e-08  3.35e-07     1s
   9   3.45558245e-02  3.36737801e-02  8.60e-13 2.96e-08  2.18e-07     1s
  10   3.44877095e-02  3.40867711e-02  3.85e-13 1.32e-08  9.92e-08     1s
  11   3.44490675e-02  3.42554111e-02  4.05e-13 7.82e-09  4.79e-08     1s
  12   3.44376465e-02  3.43854161e-02  2.48e-12 4.82e-09  1.29e-08     1s
  13   3.44349394e-02  3.44090887e-02  7.61e-13 2.12e-09  6.39e-09     1s
  14   3.44339776e-02  3.44253762e-02  3.00e-13 1.98e-09  2.12e-09     1s
  15   3.44334966e-02  3.44319370e-02  6.68e-14 4.80e-10  3.84e-10     1s
  16   3.44333533e-02  3.44333377e-02  1.49e-14 7.47e-10  2.96e-12     1s
  17   3.44333468e-02  3.44333458e-02  6.63e-14 2.06e-11  3.33e-14     1s
  18   3.44333468e-02  3.44333785e-02  1.28e-14 9.54e-10  3.33e-17     1s

Barrier solved model in 18 iterations and 0.81 seconds
Optimal objective 3.44333468e-02

Crossover log...

       0 DPushes remaining with DInf 2.5999186e-01                 2s

       0 PPushes remaining with PInf 0.0000000e+00                 2s

  Push phase complete: Pinf 0.0000000e+00, Dinf 2.2516635e-12      2s

Iteration    Objective       Primal Inf.    Dual Inf.      Time
     181    3.4433347e-02   0.000000e+00   0.000000e+00      2s

Solved with barrier
Solved in 181 iterations and 1.76 seconds
Optimal objective  3.443334678e-02
Optimize a model with 12177 rows, 12248 columns and 770688 nonzeros
Coefficient statistics:
  Matrix range     [2e-08, 2e+02]
  Objective range  [1e+00, 1e+00]
  Bounds range     [0e+00, 0e+00]
  RHS range        [1e-02, 5e-01]

Concurrent LP optimizer: dual simplex and barrier
Showing barrier log only...

Presolve removed 20 rows and 9512 columns
Presolve time: 0.26s
Presolved: 12157 rows, 2736 columns, 754304 nonzeros

Ordering time: 0.00s

Barrier statistics:
 Dense cols : 50
 Free vars  : 48
 AA' NZ     : 2.399e+05
 Factor NZ  : 2.901e+05 (roughly 6 MBytes of memory)
 Factor Ops : 1.507e+07 (less than 1 second per iteration)
 Threads    : 3

                  Objective                Residual
Iter       Primal          Dual         Primal    Dual     Compl     Time
   0   1.97377110e+00 -6.68910831e-03  3.29e-01 6.94e-18  5.58e-02     1s
   1   2.61956342e+00 -5.78036349e-02  4.28e-01 1.28e-06  1.81e-03     1s
   2   1.05614815e-01 -4.92410253e-02  7.66e-03 1.45e-05  5.79e-05     1s
   3   6.10467102e-02  1.67827663e-03  2.30e-04 3.62e-06  1.49e-05     1s
   4   4.80483104e-02  6.54070017e-03  2.40e-12 3.89e-06  1.03e-05     1s
   5   3.68525734e-02  2.73567689e-02  2.49e-11 3.39e-07  2.35e-06     1s
   6   3.55177735e-02  3.18333995e-02  1.07e-11 1.09e-07  9.12e-07     1s
   7   3.49034057e-02  3.26929959e-02  4.81e-12 7.11e-08  5.47e-07     1s
   8   3.46763889e-02  3.33248966e-02  1.97e-12 4.43e-08  3.35e-07     1s
   9   3.45558245e-02  3.36737801e-02  8.60e-13 2.96e-08  2.18e-07     1s
  10   3.44877095e-02  3.40867711e-02  3.85e-13 1.32e-08  9.92e-08     1s
  11   3.44490675e-02  3.42554111e-02  4.05e-13 7.82e-09  4.79e-08     1s
  12   3.44376465e-02  3.43854161e-02  2.48e-12 4.82e-09  1.29e-08     1s
  13   3.44349394e-02  3.44090887e-02  7.61e-13 2.12e-09  6.39e-09     1s
  14   3.44339776e-02  3.44253762e-02  3.00e-13 1.98e-09  2.12e-09     1s
  15   3.44334966e-02  3.44319370e-02  6.68e-14 4.80e-10  3.84e-10     1s
  16   3.44333533e-02  3.44333377e-02  1.49e-14 7.47e-10  2.96e-12     1s
  17   3.44333468e-02  3.44333458e-02  6.63e-14 2.06e-11  3.33e-14     1s
  18   3.44333468e-02  3.44333785e-02  1.28e-14 9.54e-10  3.33e-17     1s

Barrier solved model in 18 iterations and 0.84 seconds
Optimal objective 3.44333468e-02

Crossover log...

       0 DPushes remaining with DInf 2.5999186e-01                 2s

       0 PPushes remaining with PInf 0.0000000e+00                 2s

  Push phase complete: Pinf 0.0000000e+00, Dinf 2.2516635e-12      2s

Iteration    Objective       Primal Inf.    Dual Inf.      Time
     181    3.4433347e-02   0.000000e+00   0.000000e+00      2s

Solved with barrier
Solved in 181 iterations and 1.78 seconds
Optimal objective  3.443334678e-02
Optimize a model with 12177 rows, 12248 columns and 770688 nonzeros
Coefficient statistics:
  Matrix range     [2e-08, 2e+02]
  Objective range  [1e+00, 1e+00]
  Bounds range     [0e+00, 0e+00]
  RHS range        [1e-02, 5e-01]

Concurrent LP optimizer: dual simplex and barrier
Showing barrier log only...

Presolve removed 20 rows and 9512 columns
Presolve time: 0.26s
Presolved: 12157 rows, 2736 columns, 754304 nonzeros

Ordering time: 0.00s

Barrier statistics:
 Dense cols : 50
 Free vars  : 48
 AA' NZ     : 2.399e+05
 Factor NZ  : 2.901e+05 (roughly 6 MBytes of memory)
 Factor Ops : 1.507e+07 (less than 1 second per iteration)
 Threads    : 3

                  Objective                Residual
Iter       Primal          Dual         Primal    Dual     Compl     Time
   0   1.97377110e+00 -6.68910831e-03  3.29e-01 6.94e-18  5.58e-02     1s
   1   2.61956342e+00 -5.78036349e-02  4.28e-01 1.28e-06  1.81e-03     1s
   2   1.05614815e-01 -4.92410253e-02  7.66e-03 1.45e-05  5.79e-05     1s
   3   6.10467102e-02  1.67827663e-03  2.30e-04 3.62e-06  1.49e-05     1s
   4   4.80483104e-02  6.54070017e-03  2.40e-12 3.89e-06  1.03e-05     1s
   5   3.68525734e-02  2.73567689e-02  2.49e-11 3.39e-07  2.35e-06     1s
   6   3.55177735e-02  3.18333995e-02  1.07e-11 1.09e-07  9.12e-07     1s
   7   3.49034057e-02  3.26929959e-02  4.81e-12 7.11e-08  5.47e-07     1s
   8   3.46763889e-02  3.33248966e-02  1.97e-12 4.43e-08  3.35e-07     1s
   9   3.45558245e-02  3.36737801e-02  8.60e-13 2.96e-08  2.18e-07     1s
  10   3.44877095e-02  3.40867711e-02  3.85e-13 1.32e-08  9.92e-08     1s
  11   3.44490675e-02  3.42554111e-02  4.05e-13 7.82e-09  4.79e-08     1s
  12   3.44376465e-02  3.43854161e-02  2.48e-12 4.82e-09  1.29e-08     1s
  13   3.44349394e-02  3.44090887e-02  7.61e-13 2.12e-09  6.39e-09     1s
  14   3.44339776e-02  3.44253762e-02  3.00e-13 1.98e-09  2.12e-09     1s
  15   3.44334966e-02  3.44319370e-02  6.68e-14 4.80e-10  3.84e-10     1s
  16   3.44333533e-02  3.44333377e-02  1.49e-14 7.47e-10  2.96e-12     1s
  17   3.44333468e-02  3.44333458e-02  6.63e-14 2.06e-11  3.33e-14     1s
  18   3.44333468e-02  3.44333785e-02  1.28e-14 9.54e-10  3.33e-17     1s

Barrier solved model in 18 iterations and 0.85 seconds
Optimal objective 3.44333468e-02

Crossover log...

       0 DPushes remaining with DInf 2.5999186e-01                 2s

       0 PPushes remaining with PInf 0.0000000e+00                 2s

  Push phase complete: Pinf 0.0000000e+00, Dinf 2.2516635e-12      2s

Iteration    Objective       Primal Inf.    Dual Inf.      Time
     181    3.4433347e-02   0.000000e+00   0.000000e+00      2s

Solved with barrier
Solved in 181 iterations and 1.75 seconds
Optimal objective  3.443334678e-02
Optimize a model with 12177 rows, 12248 columns and 770688 nonzeros
Coefficient statistics:
  Matrix range     [2e-08, 2e+02]
  Objective range  [1e+00, 1e+00]
  Bounds range     [0e+00, 0e+00]
  RHS range        [1e-02, 5e-01]

Concurrent LP optimizer: dual simplex and barrier
Showing barrier log only...

Presolve removed 20 rows and 9512 columns
Presolve time: 0.24s
Presolved: 12157 rows, 2736 columns, 754304 nonzeros

Ordering time: 0.00s

Barrier statistics:
 Dense cols : 50
 Free vars  : 48
 AA' NZ     : 2.399e+05
 Factor NZ  : 2.901e+05 (roughly 6 MBytes of memory)
 Factor Ops : 1.507e+07 (less than 1 second per iteration)
 Threads    : 3

                  Objective                Residual
Iter       Primal          Dual         Primal    Dual     Compl     Time
   0   1.97377110e+00 -6.68910831e-03  3.29e-01 6.94e-18  5.58e-02     1s
   1   2.61956342e+00 -5.78036349e-02  4.28e-01 1.28e-06  1.81e-03     1s
   2   1.05614815e-01 -4.92410253e-02  7.66e-03 1.45e-05  5.79e-05     1s
   3   6.10467102e-02  1.67827663e-03  2.30e-04 3.62e-06  1.49e-05     1s
   4   4.80483104e-02  6.54070017e-03  2.40e-12 3.89e-06  1.03e-05     1s
   5   3.68525734e-02  2.73567689e-02  2.49e-11 3.39e-07  2.35e-06     1s
   6   3.55177735e-02  3.18333995e-02  1.07e-11 1.09e-07  9.12e-07     1s
   7   3.49034057e-02  3.26929959e-02  4.81e-12 7.11e-08  5.47e-07     1s
   8   3.46763889e-02  3.33248966e-02  1.97e-12 4.43e-08  3.35e-07     1s
   9   3.45558245e-02  3.36737801e-02  8.60e-13 2.96e-08  2.18e-07     1s
  10   3.44877095e-02  3.40867711e-02  3.85e-13 1.32e-08  9.92e-08     1s
  11   3.44490675e-02  3.42554111e-02  4.05e-13 7.82e-09  4.79e-08     1s
  12   3.44376465e-02  3.43854161e-02  2.48e-12 4.82e-09  1.29e-08     1s
  13   3.44349394e-02  3.44090887e-02  7.61e-13 2.12e-09  6.39e-09     1s
  14   3.44339776e-02  3.44253762e-02  3.00e-13 1.98e-09  2.12e-09     1s
  15   3.44334966e-02  3.44319370e-02  6.68e-14 4.80e-10  3.84e-10     1s
  16   3.44333533e-02  3.44333377e-02  1.49e-14 7.47e-10  2.96e-12     1s
  17   3.44333468e-02  3.44333458e-02  6.63e-14 2.06e-11  3.33e-14     1s
  18   3.44333468e-02  3.44333785e-02  1.28e-14 9.54e-10  3.33e-17     1s

Barrier solved model in 18 iterations and 0.82 seconds
Optimal objective 3.44333468e-02

Crossover log...

       0 DPushes remaining with DInf 2.5999186e-01                 2s

       0 PPushes remaining with PInf 0.0000000e+00                 2s

  Push phase complete: Pinf 0.0000000e+00, Dinf 2.2516635e-12      2s

Iteration    Objective       Primal Inf.    Dual Inf.      Time
     181    3.4433347e-02   0.000000e+00   0.000000e+00      2s

Solved with barrier
Solved in 181 iterations and 1.79 seconds
Optimal objective  3.443334678e-02
Optimize a model with 12177 rows, 12248 columns and 770688 nonzeros
Coefficient statistics:
  Matrix range     [2e-08, 2e+02]
  Objective range  [1e+00, 1e+00]
  Bounds range     [0e+00, 0e+00]
  RHS range        [1e-02, 5e-01]

Concurrent LP optimizer: dual simplex and barrier
Showing barrier log only...

Presolve removed 20 rows and 9512 columns
Presolve time: 0.25s
Presolved: 12157 rows, 2736 columns, 754304 nonzeros

Ordering time: 0.00s

Barrier statistics:
 Dense cols : 50
 Free vars  : 48
 AA' NZ     : 2.399e+05
 Factor NZ  : 2.901e+05 (roughly 6 MBytes of memory)
 Factor Ops : 1.507e+07 (less than 1 second per iteration)
 Threads    : 3

                  Objective                Residual
Iter       Primal          Dual         Primal    Dual     Compl     Time
   0   1.97377110e+00 -6.68910831e-03  3.29e-01 6.94e-18  5.58e-02     1s
   1   2.61956342e+00 -5.78036349e-02  4.28e-01 1.28e-06  1.81e-03     1s
   2   1.05614815e-01 -4.92410253e-02  7.66e-03 1.45e-05  5.79e-05     1s
   3   6.10467102e-02  1.67827663e-03  2.30e-04 3.62e-06  1.49e-05     1s
   4   4.80483104e-02  6.54070017e-03  2.40e-12 3.89e-06  1.03e-05     1s
   5   3.68525734e-02  2.73567689e-02  2.49e-11 3.39e-07  2.35e-06     1s
   6   3.55177735e-02  3.18333995e-02  1.07e-11 1.09e-07  9.12e-07     1s
   7   3.49034057e-02  3.26929959e-02  4.81e-12 7.11e-08  5.47e-07     1s
   8   3.46763889e-02  3.33248966e-02  1.97e-12 4.43e-08  3.35e-07     1s
   9   3.45558245e-02  3.36737801e-02  8.60e-13 2.96e-08  2.18e-07     1s
  10   3.44877095e-02  3.40867711e-02  3.85e-13 1.32e-08  9.92e-08     1s
  11   3.44490675e-02  3.42554111e-02  4.05e-13 7.82e-09  4.79e-08     1s
  12   3.44376465e-02  3.43854161e-02  2.48e-12 4.82e-09  1.29e-08     1s
  13   3.44349394e-02  3.44090887e-02  7.61e-13 2.12e-09  6.39e-09     1s
  14   3.44339776e-02  3.44253762e-02  3.00e-13 1.98e-09  2.12e-09     1s
  15   3.44334966e-02  3.44319370e-02  6.68e-14 4.80e-10  3.84e-10     1s
  16   3.44333533e-02  3.44333377e-02  1.49e-14 7.47e-10  2.96e-12     1s
  17   3.44333468e-02  3.44333458e-02  6.63e-14 2.06e-11  3.33e-14     1s
  18   3.44333468e-02  3.44333785e-02  1.28e-14 9.54e-10  3.33e-17     1s

Barrier solved model in 18 iterations and 0.82 seconds
Optimal objective 3.44333468e-02

Crossover log...

       0 DPushes remaining with DInf 2.5999186e-01                 2s

       0 PPushes remaining with PInf 0.0000000e+00                 2s

  Push phase complete: Pinf 0.0000000e+00, Dinf 2.2516635e-12      2s

Iteration    Objective       Primal Inf.    Dual Inf.      Time
     181    3.4433347e-02   0.000000e+00   0.000000e+00      2s

Solved with barrier
Solved in 181 iterations and 1.72 seconds
Optimal objective  3.443334678e-02
Optimize a model with 12177 rows, 12248 columns and 770688 nonzeros
Coefficient statistics:
  Matrix range     [2e-08, 2e+02]
  Objective range  [1e+00, 1e+00]
  Bounds range     [0e+00, 0e+00]
  RHS range        [1e-02, 5e-01]

Concurrent LP optimizer: dual simplex and barrier
Showing barrier log only...

Presolve removed 20 rows and 9512 columns
Presolve time: 0.26s
Presolved: 12157 rows, 2736 columns, 754304 nonzeros

Ordering time: 0.00s

Barrier statistics:
 Dense cols : 50
 Free vars  : 48
 AA' NZ     : 2.399e+05
 Factor NZ  : 2.901e+05 (roughly 6 MBytes of memory)
 Factor Ops : 1.507e+07 (less than 1 second per iteration)
 Threads    : 3

                  Objective                Residual
Iter       Primal          Dual         Primal    Dual     Compl     Time
   0   1.97377110e+00 -6.68910831e-03  3.29e-01 6.94e-18  5.58e-02     1s
   1   2.61956342e+00 -5.78036349e-02  4.28e-01 1.28e-06  1.81e-03     1s
   2   1.05614815e-01 -4.92410253e-02  7.66e-03 1.45e-05  5.79e-05     1s
   3   6.10467102e-02  1.67827663e-03  2.30e-04 3.62e-06  1.49e-05     1s
   4   4.80483104e-02  6.54070017e-03  2.40e-12 3.89e-06  1.03e-05     1s
   5   3.68525734e-02  2.73567689e-02  2.49e-11 3.39e-07  2.35e-06     1s
   6   3.55177735e-02  3.18333995e-02  1.07e-11 1.09e-07  9.12e-07     1s
   7   3.49034057e-02  3.26929959e-02  4.81e-12 7.11e-08  5.47e-07     1s
   8   3.46763889e-02  3.33248966e-02  1.97e-12 4.43e-08  3.35e-07     1s
   9   3.45558245e-02  3.36737801e-02  8.60e-13 2.96e-08  2.18e-07     1s
  10   3.44877095e-02  3.40867711e-02  3.85e-13 1.32e-08  9.92e-08     1s
  11   3.44490675e-02  3.42554111e-02  4.05e-13 7.82e-09  4.79e-08     1s
  12   3.44376465e-02  3.43854161e-02  2.48e-12 4.82e-09  1.29e-08     1s
  13   3.44349394e-02  3.44090887e-02  7.61e-13 2.12e-09  6.39e-09     1s
  14   3.44339776e-02  3.44253762e-02  3.00e-13 1.98e-09  2.12e-09     1s
  15   3.44334966e-02  3.44319370e-02  6.68e-14 4.80e-10  3.84e-10     1s
  16   3.44333533e-02  3.44333377e-02  1.49e-14 7.47e-10  2.96e-12     1s
  17   3.44333468e-02  3.44333458e-02  6.63e-14 2.06e-11  3.33e-14     1s
  18   3.44333468e-02  3.44333785e-02  1.28e-14 9.54e-10  3.33e-17     1s

Barrier solved model in 18 iterations and 0.86 seconds
Optimal objective 3.44333468e-02

Crossover log...

       0 DPushes remaining with DInf 2.5999186e-01                 2s

       0 PPushes remaining with PInf 0.0000000e+00                 2s

  Push phase complete: Pinf 0.0000000e+00, Dinf 2.2516635e-12      2s

Iteration    Objective       Primal Inf.    Dual Inf.      Time
     181    3.4433347e-02   0.000000e+00   0.000000e+00      2s

Solved with barrier
Solved in 181 iterations and 1.73 seconds
Optimal objective  3.443334678e-02
Warning for adding constraints: zero or small (< 1e-13) coefficients, ignored
Optimize a model with 12177 rows, 12248 columns and 769662 nonzeros
Coefficient statistics:
  Matrix range     [2e-08, 1e+02]
  Objective range  [1e+00, 1e+00]
  Bounds range     [0e+00, 0e+00]
  RHS range        [1e-02, 5e-01]

Concurrent LP optimizer: dual simplex and barrier
Showing barrier log only...

Presolve removed 20 rows and 9512 columns
Presolve time: 0.23s
Presolved: 12157 rows, 2736 columns, 753278 nonzeros

Ordering time: 0.00s

Barrier statistics:
 Dense cols : 50
 Free vars  : 48
 AA' NZ     : 2.397e+05
 Factor NZ  : 2.898e+05 (roughly 6 MBytes of memory)
 Factor Ops : 1.505e+07 (less than 1 second per iteration)
 Threads    : 3

                  Objective                Residual
Iter       Primal          Dual         Primal    Dual     Compl     Time
   0   1.97361703e+00 -6.68910818e-03  3.29e-01 9.02e-17  5.58e-02     1s
   1   2.61936880e+00 -5.71309845e-02  4.28e-01 1.57e-07  1.81e-03     1s
   2   1.09535258e-01 -4.74798520e-02  8.31e-03 1.15e-06  6.02e-05     1s
   3   6.21491655e-02  2.13199460e-02  3.98e-04 5.34e-08  1.05e-05     1s
   4   5.66731619e-02  2.27850580e-02  3.19e-11 2.14e-07  8.38e-06     1s
   5   5.25294068e-02  3.64875776e-02  1.84e-11 7.23e-08  3.97e-06     1s
   6   4.89368040e-02  4.28255214e-02  4.81e-12 2.65e-08  1.51e-06     1s
   7   4.81287878e-02  4.51764347e-02  1.85e-12 1.32e-08  7.30e-07     1s
   8   4.78787634e-02  4.64641282e-02  8.46e-13 6.24e-09  3.50e-07     1s
   9   4.77770587e-02  4.71272842e-02  3.20e-13 2.82e-09  1.61e-07     1s
  10   4.77018562e-02  4.74165282e-02  4.64e-14 1.31e-09  7.06e-08     1s
  11   4.76898150e-02  4.74973928e-02  9.63e-12 1.63e-09  4.76e-08     1s
  12   4.76835057e-02  4.76443748e-02  3.44e-13 3.14e-09  9.68e-09     1s
  13   4.76821642e-02  4.76601004e-02  4.33e-14 1.80e-09  5.46e-09     1s
  14   4.76819253e-02  4.76724099e-02  1.14e-14 9.54e-10  2.35e-09     1s
  15   4.76817209e-02  4.76801405e-02  1.89e-14 8.15e-09  3.89e-10     1s
  16   4.76815667e-02  4.76815649e-02  9.34e-14 6.32e-11  3.89e-13     1s
  17   4.76815666e-02  4.76815666e-02  2.00e-15 1.06e-12  3.89e-16     1s

Barrier solved model in 17 iterations and 0.78 seconds
Optimal objective 4.76815666e-02

Crossover log...

       0 DPushes remaining with DInf 4.2210416e-01                 2s

       0 PPushes remaining with PInf 0.0000000e+00                 2s

  Push phase complete: Pinf 0.0000000e+00, Dinf 6.7106146e-13      2s

Iteration    Objective       Primal Inf.    Dual Inf.      Time
     182    4.7681567e-02   0.000000e+00   0.000000e+00      2s

Solved with barrier
Solved in 182 iterations and 1.66 seconds
Optimal objective  4.768156657e-02
Optimize a model with 353 rows, 505 columns and 22965 nonzeros
Coefficient statistics:
  Matrix range     [2e-05, 9e+01]
  Objective range  [1e+00, 1e+00]
  Bounds range     [0e+00, 0e+00]
  RHS range        [1e-02, 5e-01]
Presolve removed 20 rows and 184 columns
Presolve time: 0.01s
Presolved: 333 rows, 321 columns, 22741 nonzeros

Iteration    Objective       Primal Inf.    Dual Inf.      Time
       0      handle free variables                          0s
     132    0.0000000e+00   0.000000e+00   0.000000e+00      0s

Solved in 132 iterations and 0.02 seconds
Optimal objective  0.000000000e+00
Warning for adding constraints: zero or small (< 1e-13) coefficients, ignored
Optimize a model with 79517 rows, 79669 columns and 11090237 nonzeros
Coefficient statistics:
  Matrix range     [2e-13, 4e+02]
  Objective range  [1e+00, 1e+00]
  Bounds range     [0e+00, 0e+00]
  RHS range        [1e-02, 5e-01]
Warning: Model contains large matrix coefficient range
         Consider reformulating model or setting NumericFocus parameter
         to avoid numerical issues.

Concurrent LP optimizer: dual simplex and barrier
Showing barrier log only...

Presolve removed 20 rows and 69412 columns

Solved with dual simplex
Solved in 29138 iterations and 890.76 seconds
Optimal objective  2.131171434e-02
Warning for adding constraints: zero or small (< 1e-13) coefficients, ignored
Optimize a model with 12177 rows, 12329 columns and 1510883 nonzeros
Coefficient statistics:
  Matrix range     [4e-11, 4e+02]
  Objective range  [1e+00, 1e+00]
  Bounds range     [0e+00, 0e+00]
  RHS range        [1e-02, 5e-01]
Warning: Model contains large matrix coefficient range
         Consider reformulating model or setting NumericFocus parameter
         to avoid numerical issues.

Concurrent LP optimizer: dual simplex and barrier
Showing barrier log only...

Presolve removed 20 rows and 9512 columns (presolve time = 5s) ...
Presolve removed 20 rows and 9512 columns
Presolve time: 5.19s
Presolved: 12157 rows, 2817 columns, 1494499 nonzeros

Ordering time: 0.00s

Barrier statistics:
 Dense cols : 165
 Free vars  : 165
 AA' NZ     : 1.494e+06
 Factor NZ  : 1.610e+06 (roughly 20 MBytes of memory)
 Factor Ops : 2.543e+08 (less than 1 second per iteration)
 Threads    : 3

                  Objective                Residual
Iter       Primal          Dual         Primal    Dual     Compl     Time
   0   6.74404858e+00 -5.95471698e-03  1.11e+00 5.28e-18  1.11e-01     6s
   1   6.67659421e+00 -2.29229237e-02  1.10e+00 3.69e-06  1.16e-03     6s
   2   4.51643397e+00 -1.86595076e-02  7.43e-01 3.43e-04  7.66e-04     6s
   3   2.98221670e+00 -2.19892248e-02  4.87e-01 6.93e-04  4.89e-04     6s
   4   2.86356782e+00 -2.34118545e-02  4.67e-01 7.37e-04  4.72e-04     6s
   5   2.84930913e+00 -3.06218603e-02  4.65e-01 9.47e-04  4.74e-04     6s
   6   2.25695530e+00 -3.62094456e-02  3.66e-01 1.33e-03  3.83e-04     6s
   7   2.08869476e+00 -2.33513801e-02  3.38e-01 1.20e-03  3.37e-04     6s
   8   1.82701640e+00 -2.65698477e-02  2.95e-01 1.06e-03  2.81e-04     6s
   9   1.73727696e+00 -2.19631063e-02  2.80e-01 9.93e-04  2.64e-04     6s
  10   1.71720461e+00 -2.21103852e-02  2.76e-01 1.09e-03  2.63e-04     6s
  11   1.66379146e+00 -2.25270449e-02  2.67e-01 1.10e-03  2.53e-04     6s
  12   1.65779904e+00 -2.22982723e-02  2.66e-01 1.12e-03  2.52e-04     6s
  13   1.45696240e+00 -2.15912761e-02  2.33e-01 9.49e-04  2.19e-04     7s
  14   1.31286966e+00 -1.92427410e-02  2.09e-01 9.39e-04  1.93e-04     7s
  15   1.19781343e+00 -1.76682420e-02  1.90e-01 9.11e-04  1.79e-04     7s
  16   1.11813548e+00 -7.22493080e-03  1.76e-01 8.61e-04  1.54e-04     7s
  17   1.08924635e+00 -6.72903722e-03  1.72e-01 8.54e-04  1.50e-04     7s
  18   1.07686932e+00 -7.27270289e-03  1.70e-01 8.74e-04  1.48e-04     7s
  19   9.78650633e-01 -9.66441445e-03  1.53e-01 6.24e-04  1.30e-04     7s
  20   9.45494280e-01 -9.23180072e-03  1.48e-01 5.55e-04  1.26e-04     7s
  21   9.03491775e-01 -1.03219107e-02  1.41e-01 5.16e-04  1.18e-04     7s
  22   8.19321239e-01 -9.40984493e-03  1.27e-01 4.83e-04  1.08e-04     7s
  23   7.53817606e-01 -8.18908285e-03  1.16e-01 4.74e-04  9.59e-05     7s
  24   7.27403294e-01 -7.90681585e-03  1.11e-01 4.24e-04  9.18e-05     8s
  25   7.08639384e-01 -8.07076674e-03  1.08e-01 3.90e-04  8.87e-05     8s
  26   6.92692968e-01 -7.54474444e-03  1.06e-01 3.84e-04  8.64e-05     8s
  27   6.93046961e-01 -8.96006865e-03  1.06e-01 4.29e-04  8.71e-05     8s
  28   6.43570318e-01 -8.94746402e-03  9.75e-02 7.24e-04  7.98e-05     8s
  29   5.66238412e-01 -7.86055280e-03  8.45e-02 9.79e-04  6.85e-05     8s
  30   4.28215356e-01 -6.20420003e-03  6.14e-02 7.92e-04  5.00e-05     8s
  31   3.87774769e-01 -5.45513309e-03  5.46e-02 7.23e-04  4.41e-05     8s
  32   3.80218691e-01 -5.29353132e-03  5.34e-02 6.91e-04  4.28e-05     8s
  33   3.58363279e-01 -7.52677735e-03  4.97e-02 5.73e-04  3.96e-05     8s
  34   3.45525030e-01 -1.35161509e-02  4.76e-02 5.47e-04  3.76e-05     8s
  35   3.07494702e-01 -3.73483398e-02  4.13e-02 7.17e-04  3.39e-05     8s
  36   3.00863380e-01 -3.70297003e-02  4.01e-02 7.00e-04  3.29e-05     8s
  37   3.00853100e-01 -3.91159288e-02  4.01e-02 9.68e-04  3.27e-05     9s
  38   2.85527094e-01 -4.01321246e-02  3.76e-02 1.42e-03  2.95e-05     9s
  39   2.75177800e-01 -6.15918998e-02  3.59e-02 1.84e-03  2.79e-05     9s
  40   2.75153083e-01 -6.10341358e-02  3.59e-02 2.07e-03  2.79e-05     9s
  41   2.71243514e-01 -6.27662274e-02  3.52e-02 2.77e-03  2.70e-05     9s
  42   2.68034164e-01 -8.28952341e-02  3.47e-02 5.12e-03  2.64e-05     9s
  43   2.68019111e-01 -8.41971603e-02  3.47e-02 5.01e-03  2.64e-05     9s
  44   2.67279291e-01 -9.69445655e-02  3.46e-02 1.15e-02  2.63e-05     9s
  45   2.67262995e-01 -9.72304118e-02  3.45e-02 1.18e-02  2.63e-05     9s
  46   2.66839597e-01 -1.00425555e-01  3.45e-02 1.90e-02  2.62e-05     9s
  47   2.66786519e-01 -1.02985664e-01  3.45e-02 1.90e-02  2.62e-05     9s
  48   2.65778144e-01 -1.63976531e-01  3.43e-02 3.97e-02  2.61e-05     9s
  49   2.65737859e-01 -1.79823182e-01  3.43e-02 4.96e-02  2.61e-05    10s

Barrier performed 49 iterations in 9.60 seconds
Numerical trouble encountered

Model may be infeasible or unbounded.  Consider using the
homogeneous algorithm (through parameter 'BarHomogeneous')

Crossover log...

     583 variables added to crossover basis                       10s

   11306 DPushes remaining with DInf 0.0000000e+00                11s
    7079 DPushes remaining with DInf 0.0000000e+00                15s
       0 DPushes remaining with DInf 4.8158052e+02                16s

    2722 PPushes remaining with PInf 2.2864588e+04                16s
       0 PPushes remaining with PInf 1.2143262e+02                18s

  Push phase complete: Pinf 1.2143262e+02, Dinf 1.0179892e+01     18s

Iteration    Objective       Primal Inf.    Dual Inf.      Time
    7253    4.3402851e-02   0.000000e+00   1.017989e+01     18s
    8030    4.6632509e-03   0.000000e+00   1.005041e+02     20s
    9664    7.4150008e-03   4.360229e+02   0.000000e+00     25s
   10774    2.0345919e-02   2.779201e+01   0.000000e+00     30s

Solved with dual simplex
Solved in 6941 iterations and 33.81 seconds
Optimal objective  2.179954056e-02
Warning for adding constraints: zero or small (< 1e-13) coefficients, ignored
Optimize a model with 12177 rows, 12329 columns and 1510883 nonzeros
Coefficient statistics:
  Matrix range     [4e-11, 4e+02]
  Objective range  [1e+00, 1e+00]
  Bounds range     [0e+00, 0e+00]
  RHS range        [1e-02, 5e-01]
Warning: Model contains large matrix coefficient range
         Consider reformulating model or setting NumericFocus parameter
         to avoid numerical issues.

Concurrent LP optimizer: dual simplex and barrier
Showing barrier log only...

Presolve removed 20 rows and 9512 columns (presolve time = 5s) ...
Presolve removed 20 rows and 9512 columns
Presolve time: 5.81s
Presolved: 12157 rows, 2817 columns, 1494499 nonzeros

Ordering time: 0.00s

Barrier statistics:
 Dense cols : 165
 Free vars  : 165
 AA' NZ     : 1.494e+06
 Factor NZ  : 1.610e+06 (roughly 20 MBytes of memory)
 Factor Ops : 2.543e+08 (less than 1 second per iteration)
 Threads    : 3

                  Objective                Residual
Iter       Primal          Dual         Primal    Dual     Compl     Time
   0   6.74404858e+00 -5.95471698e-03  1.11e+00 5.28e-18  1.11e-01     6s
   1   6.67659421e+00 -2.29229237e-02  1.10e+00 3.69e-06  1.16e-03     6s
   2   4.51643397e+00 -1.86595076e-02  7.43e-01 3.43e-04  7.66e-04     6s
   3   2.98221670e+00 -2.19892248e-02  4.87e-01 6.93e-04  4.89e-04     6s
   4   2.86356782e+00 -2.34118545e-02  4.67e-01 7.37e-04  4.72e-04     7s
   5   2.84930913e+00 -3.06218603e-02  4.65e-01 9.47e-04  4.74e-04     7s
   6   2.25695530e+00 -3.62094456e-02  3.66e-01 1.33e-03  3.83e-04     7s
   7   2.08869476e+00 -2.33513801e-02  3.38e-01 1.20e-03  3.37e-04     7s
   8   1.82701640e+00 -2.65698477e-02  2.95e-01 1.06e-03  2.81e-04     7s
   9   1.73727696e+00 -2.19631063e-02  2.80e-01 9.93e-04  2.64e-04     7s
  10   1.71720461e+00 -2.21103852e-02  2.76e-01 1.09e-03  2.63e-04     7s
  11   1.66379146e+00 -2.25270449e-02  2.67e-01 1.10e-03  2.53e-04     7s
  12   1.65779904e+00 -2.22982723e-02  2.66e-01 1.12e-03  2.52e-04     7s
  13   1.45696240e+00 -2.15912761e-02  2.33e-01 9.49e-04  2.19e-04     7s
  14   1.31286966e+00 -1.92427410e-02  2.09e-01 9.39e-04  1.93e-04     7s
  15   1.19781343e+00 -1.76682420e-02  1.90e-01 9.11e-04  1.79e-04     8s
  16   1.11813548e+00 -7.22493080e-03  1.76e-01 8.61e-04  1.54e-04     8s
  17   1.08924635e+00 -6.72903722e-03  1.72e-01 8.54e-04  1.50e-04     8s
  18   1.07686932e+00 -7.27270289e-03  1.70e-01 8.74e-04  1.48e-04     8s
  19   9.78650633e-01 -9.66441445e-03  1.53e-01 6.24e-04  1.30e-04     8s
  20   9.45494280e-01 -9.23180072e-03  1.48e-01 5.55e-04  1.26e-04     8s
  21   9.03491775e-01 -1.03219107e-02  1.41e-01 5.16e-04  1.18e-04     8s
  22   8.19321239e-01 -9.40984493e-03  1.27e-01 4.83e-04  1.08e-04     8s
  23   7.53817606e-01 -8.18908285e-03  1.16e-01 4.74e-04  9.59e-05     8s
  24   7.27403294e-01 -7.90681585e-03  1.11e-01 4.24e-04  9.18e-05     8s
  25   7.08639384e-01 -8.07076674e-03  1.08e-01 3.90e-04  8.87e-05     8s
  26   6.92692968e-01 -7.54474444e-03  1.06e-01 3.84e-04  8.64e-05     8s
  27   6.93046961e-01 -8.96006865e-03  1.06e-01 4.29e-04  8.71e-05     8s
  28   6.43570318e-01 -8.94746402e-03  9.75e-02 7.24e-04  7.98e-05     9s
  29   5.66238412e-01 -7.86055280e-03  8.45e-02 9.79e-04  6.85e-05     9s
  30   4.28215356e-01 -6.20420003e-03  6.14e-02 7.92e-04  5.00e-05     9s
  31   3.87774769e-01 -5.45513309e-03  5.46e-02 7.23e-04  4.41e-05     9s
  32   3.80218691e-01 -5.29353132e-03  5.34e-02 6.91e-04  4.28e-05     9s
  33   3.58363279e-01 -7.52677735e-03  4.97e-02 5.73e-04  3.96e-05     9s
  34   3.45525030e-01 -1.35161509e-02  4.76e-02 5.47e-04  3.76e-05     9s
  35   3.07494702e-01 -3.73483398e-02  4.13e-02 7.17e-04  3.39e-05     9s
  36   3.00863380e-01 -3.70297003e-02  4.01e-02 7.00e-04  3.29e-05     9s
  37   3.00853100e-01 -3.91159288e-02  4.01e-02 9.68e-04  3.27e-05     9s
  38   2.85527094e-01 -4.01321246e-02  3.76e-02 1.42e-03  2.95e-05     9s
  39   2.75177800e-01 -6.15918998e-02  3.59e-02 1.84e-03  2.79e-05    10s
  40   2.75153083e-01 -6.10341358e-02  3.59e-02 2.07e-03  2.79e-05    10s
  41   2.71243514e-01 -6.27662274e-02  3.52e-02 2.77e-03  2.70e-05    10s
  42   2.68034164e-01 -8.28952341e-02  3.47e-02 5.12e-03  2.64e-05    10s
  43   2.68019111e-01 -8.41971603e-02  3.47e-02 5.01e-03  2.64e-05    10s
  44   2.67279291e-01 -9.69445655e-02  3.46e-02 1.15e-02  2.63e-05    10s
  45   2.67262995e-01 -9.72304118e-02  3.45e-02 1.18e-02  2.63e-05    10s
  46   2.66839597e-01 -1.00425555e-01  3.45e-02 1.90e-02  2.62e-05    10s
  47   2.66786519e-01 -1.02985664e-01  3.45e-02 1.90e-02  2.62e-05    10s
  48   2.65778144e-01 -1.63976531e-01  3.43e-02 3.97e-02  2.61e-05    10s
  49   2.65737859e-01 -1.79823182e-01  3.43e-02 4.96e-02  2.61e-05    10s

Barrier performed 49 iterations in 10.47 seconds
Numerical trouble encountered

Model may be infeasible or unbounded.  Consider using the
homogeneous algorithm (through parameter 'BarHomogeneous')

Crossover log...

   11306 DPushes remaining with DInf 0.0000000e+00                12s
    7905 DPushes remaining with DInf 0.0000000e+00                15s
       0 DPushes remaining with DInf 4.8158052e+02                17s

    2722 PPushes remaining with PInf 2.2864588e+04                17s
       0 PPushes remaining with PInf 1.2143262e+02                19s

  Push phase complete: Pinf 1.2143262e+02, Dinf 1.0179892e+01     19s

Iteration    Objective       Primal Inf.    Dual Inf.      Time
    7253    4.3402851e-02   0.000000e+00   1.017989e+01     19s
    7697    8.9465776e-03   0.000000e+00   1.195742e+02     20s
    9251    9.8303091e-04   0.000000e+00   4.895517e-01     25s
   10441    1.8577536e-02   8.433751e+01   0.000000e+00     30s
   11551    2.1732839e-02   4.332275e+01   0.000000e+00     35s

Solved with dual simplex
Solved in 6941 iterations and 35.53 seconds
Optimal objective  2.179954056e-02
Warning for adding constraints: zero or small (< 1e-13) coefficients, ignored
Optimize a model with 12177 rows, 12329 columns and 1510883 nonzeros
Coefficient statistics:
  Matrix range     [4e-11, 4e+02]
  Objective range  [1e+00, 1e+00]
  Bounds range     [0e+00, 0e+00]
  RHS range        [1e-02, 5e-01]
Warning: Model contains large matrix coefficient range
         Consider reformulating model or setting NumericFocus parameter
         to avoid numerical issues.

Concurrent LP optimizer: dual simplex and barrier
Showing barrier log only...

Presolve removed 20 rows and 9512 columns (presolve time = 5s) ...
Presolve removed 20 rows and 9512 columns
Presolve time: 5.24s
Presolved: 12157 rows, 2817 columns, 1494499 nonzeros

Ordering time: 0.00s

Barrier statistics:
 Dense cols : 165
 Free vars  : 165
 AA' NZ     : 1.494e+06
 Factor NZ  : 1.610e+06 (roughly 20 MBytes of memory)
 Factor Ops : 2.543e+08 (less than 1 second per iteration)
 Threads    : 3

                  Objective                Residual
Iter       Primal          Dual         Primal    Dual     Compl     Time
   0   6.74404858e+00 -5.95471698e-03  1.11e+00 5.28e-18  1.11e-01     6s
   1   6.67659421e+00 -2.29229237e-02  1.10e+00 3.69e-06  1.16e-03     6s
   2   4.51643397e+00 -1.86595076e-02  7.43e-01 3.43e-04  7.66e-04     6s
   3   2.98221670e+00 -2.19892248e-02  4.87e-01 6.93e-04  4.89e-04     6s
   4   2.86356782e+00 -2.34118545e-02  4.67e-01 7.37e-04  4.72e-04     6s
   5   2.84930913e+00 -3.06218603e-02  4.65e-01 9.47e-04  4.74e-04     6s
   6   2.25695530e+00 -3.62094456e-02  3.66e-01 1.33e-03  3.83e-04     6s
   7   2.08869476e+00 -2.33513801e-02  3.38e-01 1.20e-03  3.37e-04     6s
   8   1.82701640e+00 -2.65698477e-02  2.95e-01 1.06e-03  2.81e-04     6s
   9   1.73727696e+00 -2.19631063e-02  2.80e-01 9.93e-04  2.64e-04     6s
  10   1.71720461e+00 -2.21103852e-02  2.76e-01 1.09e-03  2.63e-04     6s
  11   1.66379146e+00 -2.25270449e-02  2.67e-01 1.10e-03  2.53e-04     6s
  12   1.65779904e+00 -2.22982723e-02  2.66e-01 1.12e-03  2.52e-04     7s
  13   1.45696240e+00 -2.15912761e-02  2.33e-01 9.49e-04  2.19e-04     7s
  14   1.31286966e+00 -1.92427410e-02  2.09e-01 9.39e-04  1.93e-04     7s
  15   1.19781343e+00 -1.76682420e-02  1.90e-01 9.11e-04  1.79e-04     7s
  16   1.11813548e+00 -7.22493080e-03  1.76e-01 8.61e-04  1.54e-04     7s
  17   1.08924635e+00 -6.72903722e-03  1.72e-01 8.54e-04  1.50e-04     7s
  18   1.07686932e+00 -7.27270289e-03  1.70e-01 8.74e-04  1.48e-04     7s
  19   9.78650633e-01 -9.66441445e-03  1.53e-01 6.24e-04  1.30e-04     7s
  20   9.45494280e-01 -9.23180072e-03  1.48e-01 5.55e-04  1.26e-04     7s
  21   9.03491775e-01 -1.03219107e-02  1.41e-01 5.16e-04  1.18e-04     7s
  22   8.19321239e-01 -9.40984493e-03  1.27e-01 4.83e-04  1.08e-04     7s
  23   7.53817606e-01 -8.18908285e-03  1.16e-01 4.74e-04  9.59e-05     7s
  24   7.27403294e-01 -7.90681585e-03  1.11e-01 4.24e-04  9.18e-05     8s
  25   7.08639384e-01 -8.07076674e-03  1.08e-01 3.90e-04  8.87e-05     8s
  26   6.92692968e-01 -7.54474444e-03  1.06e-01 3.84e-04  8.64e-05     8s
  27   6.93046961e-01 -8.96006865e-03  1.06e-01 4.29e-04  8.71e-05     8s
  28   6.43570318e-01 -8.94746402e-03  9.75e-02 7.24e-04  7.98e-05     8s
  29   5.66238412e-01 -7.86055280e-03  8.45e-02 9.79e-04  6.85e-05     8s
  30   4.28215356e-01 -6.20420003e-03  6.14e-02 7.92e-04  5.00e-05     8s
  31   3.87774769e-01 -5.45513309e-03  5.46e-02 7.23e-04  4.41e-05     8s
  32   3.80218691e-01 -5.29353132e-03  5.34e-02 6.91e-04  4.28e-05     8s
  33   3.58363279e-01 -7.52677735e-03  4.97e-02 5.73e-04  3.96e-05     8s
  34   3.45525030e-01 -1.35161509e-02  4.76e-02 5.47e-04  3.76e-05     8s
  35   3.07494702e-01 -3.73483398e-02  4.13e-02 7.17e-04  3.39e-05     8s
  36   3.00863380e-01 -3.70297003e-02  4.01e-02 7.00e-04  3.29e-05     9s
  37   3.00853100e-01 -3.91159288e-02  4.01e-02 9.68e-04  3.27e-05     9s
  38   2.85527094e-01 -4.01321246e-02  3.76e-02 1.42e-03  2.95e-05     9s
  39   2.75177800e-01 -6.15918998e-02  3.59e-02 1.84e-03  2.79e-05     9s
  40   2.75153083e-01 -6.10341358e-02  3.59e-02 2.07e-03  2.79e-05     9s
  41   2.71243514e-01 -6.27662274e-02  3.52e-02 2.77e-03  2.70e-05     9s
  42   2.68034164e-01 -8.28952341e-02  3.47e-02 5.12e-03  2.64e-05     9s
  43   2.68019111e-01 -8.41971603e-02  3.47e-02 5.01e-03  2.64e-05     9s
  44   2.67279291e-01 -9.69445655e-02  3.46e-02 1.15e-02  2.63e-05     9s
  45   2.67262995e-01 -9.72304118e-02  3.45e-02 1.18e-02  2.63e-05     9s
  46   2.66839597e-01 -1.00425555e-01  3.45e-02 1.90e-02  2.62e-05     9s
  47   2.66786519e-01 -1.02985664e-01  3.45e-02 1.90e-02  2.62e-05     9s
  48   2.65778144e-01 -1.63976531e-01  3.43e-02 3.97e-02  2.61e-05    10s
  49   2.65737859e-01 -1.79823182e-01  3.43e-02 4.96e-02  2.61e-05    10s

Barrier performed 49 iterations in 9.64 seconds
Numerical trouble encountered

Model may be infeasible or unbounded.  Consider using the
homogeneous algorithm (through parameter 'BarHomogeneous')

Crossover log...

     583 variables added to crossover basis                       10s

   11306 DPushes remaining with DInf 0.0000000e+00                11s
    7359 DPushes remaining with DInf 0.0000000e+00                15s
       0 DPushes remaining with DInf 4.8158052e+02                17s

    2722 PPushes remaining with PInf 2.2864588e+04                17s
       0 PPushes remaining with PInf 1.2143262e+02                18s

  Push phase complete: Pinf 1.2143262e+02, Dinf 1.0179892e+01     18s

Iteration    Objective       Primal Inf.    Dual Inf.      Time
    7253    4.3402851e-02   0.000000e+00   1.017989e+01     18s
    8030    4.6632509e-03   0.000000e+00   1.005041e+02     20s
    9664    7.4150008e-03   4.360229e+02   0.000000e+00     26s
   10663    1.9815161e-02   2.018856e+02   0.000000e+00     30s

Solved with dual simplex
Solved in 6941 iterations and 34.15 seconds
Optimal objective  2.179954056e-02
Warning for adding constraints: zero or small (< 1e-13) coefficients, ignored
Optimize a model with 12177 rows, 12450 columns and 2603038 nonzeros
Coefficient statistics:
  Matrix range     [2e-13, 5e+02]
  Objective range  [1e+00, 1e+00]
  Bounds range     [0e+00, 0e+00]
  RHS range        [1e-03, 5e-01]
Warning: Model contains large matrix coefficient range
         Consider reformulating model or setting NumericFocus parameter
         to avoid numerical issues.

Concurrent LP optimizer: dual simplex and barrier
Showing barrier log only...

Presolve removed 20 rows and 9512 columns (presolve time = 6s) ...
Presolve removed 20 rows and 9512 columns (presolve time = 13s) ...
Presolve removed 20 rows and 9512 columns
Presolve time: 13.35s
Presolved: 12157 rows, 2938 columns, 2586654 nonzeros

Ordering time: 0.00s

Barrier statistics:
 Dense cols : 286
 Free vars  : 286
 AA' NZ     : 2.587e+06
 Factor NZ  : 2.751e+06 (roughly 30 MBytes of memory)
 Factor Ops : 7.536e+08 (less than 1 second per iteration)
 Threads    : 3

                  Objective                Residual
Iter       Primal          Dual         Primal    Dual     Compl     Time
   0   6.74403999e+00 -5.95471698e-04  1.12e+00 6.78e-18  1.11e-01    14s
   1   6.67691598e+00 -1.66035277e-03  1.11e+00 7.79e-05  1.09e-03    14s
   2   4.92555090e+00 -8.89789424e-05  8.20e-01 3.37e-04  8.00e-04    14s
   3   3.23758845e+00 -6.51380416e-04  5.39e-01 1.23e-03  5.07e-04    14s
   4   2.02024976e+00 -4.66038544e-03  3.36e-01 9.02e-04  3.03e-04    15s
   5   1.96304937e+00 -8.84373334e-03  3.26e-01 8.82e-04  2.93e-04    15s
   6   1.72315949e+00 -9.65072813e-03  2.86e-01 1.64e-03  2.54e-04    15s
   7   1.50785467e+00 -1.51533131e-02  2.50e-01 2.18e-03  2.26e-04    15s
   8   1.23218652e+00 -1.97908166e-02  2.04e-01 2.62e-03  1.90e-04    15s
   9   1.09040653e+00 -2.24720901e-02  1.81e-01 3.42e-03  1.63e-04    15s
  10   1.07383582e+00 -2.24562607e-02  1.78e-01 3.53e-03  1.59e-04    15s
  11   1.00077046e+00 -2.58117204e-02  1.66e-01 1.30e-02  1.48e-04    15s
  12   9.39604192e-01 -3.05980442e-02  1.56e-01 2.16e-02  1.52e-04    16s
  13   8.98964548e-01 -2.27569511e-02  1.49e-01 4.32e-02  1.48e-04    16s
  14   8.31783856e-01 -4.72489335e-02  1.38e-01 1.58e-01  1.37e-04    16s
  15   8.31652662e-01 -3.99342729e-02  1.38e-01 1.63e-01  1.37e-04    16s
  16   8.30845264e-01 -4.34354649e-02  1.37e-01 2.35e-01  1.37e-04    16s
  17   8.06047573e-01 -6.95543951e-02  1.33e-01 2.70e-01  1.29e-04    16s
  18   8.01098261e-01 -8.17273084e-02  1.33e-01 3.95e-01  1.29e-04    16s
  19   7.95971258e-01 -8.49729318e-02  1.32e-01 5.38e-01  1.29e-04    17s
  20   7.91518111e-01 -9.19905187e-02  1.31e-01 4.87e-01  1.40e-04    17s
  21   7.91470964e-01 -1.01986892e-01  1.31e-01 4.98e-01  1.40e-04    17s
  22   7.91335394e-01 -1.15868417e-01  1.31e-01 5.00e-01  1.40e-04    17s
  23   7.91125759e-01 -1.68761753e-01  1.31e-01 4.89e-01  1.42e-04    17s
  24   7.89921872e-01 -1.84027037e-01  1.31e-01 5.04e-01  1.39e-04    17s
  25   7.89591696e-01 -1.64649424e-01  1.31e-01 4.90e-01  1.40e-04    17s

Barrier performed 25 iterations in 17.44 seconds
Numerical trouble encountered

Model may be infeasible or unbounded.  Consider using the
homogeneous algorithm (through parameter 'BarHomogeneous')

Iteration    Objective       Primal Inf.    Dual Inf.      Time
       0      handle free variables                         18s
     489    0.0000000e+00   3.857490e+01   0.000000e+00     21s
    1049    1.0748298e-06   2.000740e+02   0.000000e+00     25s
    1749    2.3759402e-06   1.072102e+02   0.000000e+00     30s
Warning: Markowitz tolerance tightened to 0.03125
    2459    3.4197168e-06   2.875816e+02   0.000000e+00     36s
    3169    4.6562744e-06   3.299958e+02   0.000000e+00     41s
Warning: Markowitz tolerance tightened to 0.5
    3769    7.0814351e-06   1.034383e+03   0.000000e+00     46s
    4369    1.2016059e-05   6.126717e+03   0.000000e+00     50s
    5129    2.7047892e-05   1.366343e+03   0.000000e+00     56s
    5769    9.3729522e-05   2.252079e+04   0.000000e+00     61s
    6409    6.5626434e-04   3.238501e+04   0.000000e+00     66s

Solved with dual simplex
Solved in 6938 iterations and 68.77 seconds
Infeasible model
